<?xml version="1.0" encoding="UTF-8"?>
<!-- Generated by org.testng.reporters.JUnitXMLReporter -->
<testsuite hostname="SANKARA" ignored="15" name="Test" tests="16" failures="1" timestamp="20 Apr 2018 17:28:08 GMT" time="323.273" errors="0">
  <testcase name="loginAndLogout" time="15.41" classname="testcases.TC001_CreateLead"/>
  <testcase name="loginAndLogout" time="15.389" classname="testcases.TC001_CreateLead"/>
  <testcase name="loginAndLogout" time="14.811" classname="testcases.TC001_CreateLead"/>
  <testcase name="loginAndLogout" time="19.149" classname="testcases.TC001_CreateLead"/>
  <testcase name="loginAndLogout" time="15.597" classname="testcases.TC001_CreateLead"/>
  <testcase name="loginAndLogout" time="15.495" classname="testcases.TC001_CreateLead"/>
  <testcase name="loginAndLogout" time="2.351" classname="testcases.TC002_LoginForNegative"/>
  <testcase name="loginAndLogout" time="2.228" classname="testcases.TC002_LoginForNegative"/>
  <testcase name="loginAndLogout" time="2.496" classname="testcases.TC002_LoginForNegative"/>
  <testcase name="loginAndLogout" time="2.389" classname="testcases.TC002_LoginForNegative"/>
  <testcase name="editLeads" time="19.226" classname="testcases.TC003_EditLead"/>
  <testcase name="editLeads" time="15.817" classname="testcases.TC003_EditLead"/>
  <testcase name="duplicateLead" time="11.703" classname="testcases.TC004_DuplicateLead">
    <failure type="java.lang.RuntimeException">
      <![CDATA[java.lang.RuntimeException
	at utils.Reporter.reportStep(Reporter.java:60)
	at utils.Reporter.reportStep(Reporter.java:70)
	at wdMethods.SeMethods.click(SeMethods.java:135)
	at pages.FindLeads.clickFirstElement(FindLeads.java:65)
	at testcases.TC004_DuplicateLead.duplicateLead(TC004_DuplicateLead.java:38)
... Removed 25 stack frames]]>
    </failure>
  </testcase> <!-- duplicateLead -->
  <testcase name="duplicateLead" time="15.538" classname="testcases.TC004_DuplicateLead"/>
  <testcase name="deleteLead" time="22.177" classname="testcases.TC005_DeleteLead"/>
  <testcase name="mergeLead" time="29.83" classname="testcases.TC006_MergeLead"/>
  <testcase name="@AfterTest afterTest" time="0.0" classname="wdMethods.ProjectMethods">
    <ignored/>
  </testcase> <!-- @AfterTest afterTest -->
  <testcase name="@AfterTest afterTest" time="0.0" classname="wdMethods.ProjectMethods">
    <ignored/>
  </testcase> <!-- @AfterTest afterTest -->
  <testcase name="@AfterTest afterTest" time="0.0" classname="wdMethods.ProjectMethods">
    <ignored/>
  </testcase> <!-- @AfterTest afterTest -->
  <testcase name="@AfterTest afterTest" time="0.0" classname="wdMethods.ProjectMethods">
    <ignored/>
  </testcase> <!-- @AfterTest afterTest -->
  <testcase name="@AfterTest afterTest" time="0.0" classname="wdMethods.ProjectMethods">
    <ignored/>
  </testcase> <!-- @AfterTest afterTest -->
  <testcase name="@BeforeSuite beforeSuite" time="0.0" classname="wdMethods.ProjectMethods">
    <ignored/>
  </testcase> <!-- @BeforeSuite beforeSuite -->
  <testcase name="@BeforeSuite beforeSuite" time="0.0" classname="wdMethods.ProjectMethods">
    <ignored/>
  </testcase> <!-- @BeforeSuite beforeSuite -->
  <testcase name="@BeforeSuite beforeSuite" time="0.0" classname="wdMethods.ProjectMethods">
    <ignored/>
  </testcase> <!-- @BeforeSuite beforeSuite -->
  <testcase name="@BeforeSuite beforeSuite" time="0.0" classname="wdMethods.ProjectMethods">
    <ignored/>
  </testcase> <!-- @BeforeSuite beforeSuite -->
  <testcase name="@BeforeSuite beforeSuite" time="0.0" classname="wdMethods.ProjectMethods">
    <ignored/>
  </testcase> <!-- @BeforeSuite beforeSuite -->
  <testcase name="@AfterSuite afterSuite" time="0.0" classname="wdMethods.ProjectMethods">
    <ignored/>
  </testcase> <!-- @AfterSuite afterSuite -->
  <testcase name="@AfterSuite afterSuite" time="0.0" classname="wdMethods.ProjectMethods">
    <ignored/>
  </testcase> <!-- @AfterSuite afterSuite -->
  <testcase name="@AfterSuite afterSuite" time="0.0" classname="wdMethods.ProjectMethods">
    <ignored/>
  </testcase> <!-- @AfterSuite afterSuite -->
  <testcase name="@AfterSuite afterSuite" time="0.0" classname="wdMethods.ProjectMethods">
    <ignored/>
  </testcase> <!-- @AfterSuite afterSuite -->
  <testcase name="@AfterSuite afterSuite" time="0.0" classname="wdMethods.ProjectMethods">
    <ignored/>
  </testcase> <!-- @AfterSuite afterSuite -->
</testsuite> <!-- Test -->
