<?xml version="1.0" encoding="UTF-8"?>
<testng-results skipped="0" failed="1" ignored="15" total="31" passed="15">
  <reporter-output>
  </reporter-output>
  <suite name="Suite" duration-ms="323273" started-at="2018-04-20T17:22:45Z" finished-at="2018-04-20T17:28:08Z">
    <groups>
    </groups>
    <test name="Test" duration-ms="323273" started-at="2018-04-20T17:22:45Z" finished-at="2018-04-20T17:28:08Z">
      <class name="testcases.TC005_DeleteLead">
        <test-method status="PASS" signature="beforeClass()[pri:0, instance:testcases.TC005_DeleteLead@64bf3bbf]" name="beforeClass" is-config="true" duration-ms="0" started-at="2018-04-20T22:57:03Z" finished-at="2018-04-20T22:57:03Z">
          <reporter-output>
          </reporter-output>
        </test-method> <!-- beforeClass -->
        <test-method status="PASS" signature="beforeMethod()[pri:0, instance:testcases.TC005_DeleteLead@64bf3bbf]" name="beforeMethod" is-config="true" duration-ms="5436" started-at="2018-04-20T22:57:04Z" finished-at="2018-04-20T22:57:09Z">
          <reporter-output>
          </reporter-output>
        </test-method> <!-- beforeMethod -->
        <test-method status="PASS" signature="deleteLead(java.lang.String, java.lang.String, java.lang.String, java.lang.String, java.lang.String)[pri:0, instance:testcases.TC005_DeleteLead@64bf3bbf]" name="deleteLead" duration-ms="22177" started-at="2018-04-20T22:57:09Z" data-provider="fetchData" finished-at="2018-04-20T22:57:31Z">
          <params>
            <param index="0">
              <value>
                <![CDATA[DemoSalesManager]]>
              </value>
            </param>
            <param index="1">
              <value>
                <![CDATA[crmsfa]]>
              </value>
            </param>
            <param index="2">
              <value>
                <![CDATA[Demo Sales Manager]]>
              </value>
            </param>
            <param index="3">
              <value>
                <![CDATA[Sankara karthi]]>
              </value>
            </param>
            <param index="4">
              <value>
                <![CDATA[No records to display]]>
              </value>
            </param>
          </params>
          <reporter-output>
          </reporter-output>
        </test-method> <!-- deleteLead -->
        <test-method status="PASS" signature="afterMethod()[pri:0, instance:testcases.TC005_DeleteLead@64bf3bbf]" name="afterMethod" is-config="true" duration-ms="682" started-at="2018-04-20T22:57:31Z" finished-at="2018-04-20T22:57:32Z">
          <reporter-output>
          </reporter-output>
        </test-method> <!-- afterMethod -->
      </class> <!-- testcases.TC005_DeleteLead -->
      <class name="testcases.TC004_DuplicateLead">
        <test-method status="PASS" signature="beforeClass()[pri:0, instance:testcases.TC004_DuplicateLead@64bfbc86]" name="beforeClass" is-config="true" duration-ms="0" started-at="2018-04-20T22:56:24Z" finished-at="2018-04-20T22:56:24Z">
          <reporter-output>
          </reporter-output>
        </test-method> <!-- beforeClass -->
        <test-method status="PASS" signature="beforeMethod()[pri:0, instance:testcases.TC004_DuplicateLead@64bfbc86]" name="beforeMethod" is-config="true" duration-ms="5590" started-at="2018-04-20T22:56:24Z" finished-at="2018-04-20T22:56:29Z">
          <reporter-output>
          </reporter-output>
        </test-method> <!-- beforeMethod -->
        <test-method status="FAIL" signature="duplicateLead(java.lang.String, java.lang.String, java.lang.String, java.lang.String, java.lang.String)[pri:0, instance:testcases.TC004_DuplicateLead@64bfbc86]" name="duplicateLead" duration-ms="11703" started-at="2018-04-20T22:56:29Z" data-provider="fetchData" finished-at="2018-04-20T22:56:41Z">
          <params>
            <param index="0">
              <value>
                <![CDATA[DemoSalesManager]]>
              </value>
            </param>
            <param index="1">
              <value>
                <![CDATA[crmsfa]]>
              </value>
            </param>
            <param index="2">
              <value>
                <![CDATA[Demo Sales Manager]]>
              </value>
            </param>
            <param index="3">
              <value>
                <![CDATA[Sankara karthi]]>
              </value>
            </param>
            <param index="4">
              <value>
                <![CDATA[Sankara karthi]]>
              </value>
            </param>
          </params>
          <exception class="java.lang.RuntimeException">
            <full-stacktrace>
              <![CDATA[java.lang.RuntimeException
	at utils.Reporter.reportStep(Reporter.java:60)
	at utils.Reporter.reportStep(Reporter.java:70)
	at wdMethods.SeMethods.click(SeMethods.java:135)
	at pages.FindLeads.clickFirstElement(FindLeads.java:65)
	at testcases.TC004_DuplicateLead.duplicateLead(TC004_DuplicateLead.java:38)
	at sun.reflect.NativeMethodAccessorImpl.invoke0(Native Method)
	at sun.reflect.NativeMethodAccessorImpl.invoke(NativeMethodAccessorImpl.java:62)
	at sun.reflect.DelegatingMethodAccessorImpl.invoke(DelegatingMethodAccessorImpl.java:43)
	at java.lang.reflect.Method.invoke(Method.java:498)
	at org.testng.internal.MethodInvocationHelper.invokeMethod(MethodInvocationHelper.java:104)
	at org.testng.internal.Invoker.invokeMethod(Invoker.java:645)
	at org.testng.internal.Invoker.invokeTestMethod(Invoker.java:851)
	at org.testng.internal.Invoker.invokeTestMethods(Invoker.java:1177)
	at org.testng.internal.TestMethodWorker.invokeTestMethods(TestMethodWorker.java:129)
	at org.testng.internal.TestMethodWorker.run(TestMethodWorker.java:112)
	at org.testng.TestRunner.privateRun(TestRunner.java:756)
	at org.testng.TestRunner.run(TestRunner.java:610)
	at org.testng.SuiteRunner.runTest(SuiteRunner.java:387)
	at org.testng.SuiteRunner.runSequentially(SuiteRunner.java:382)
	at org.testng.SuiteRunner.privateRun(SuiteRunner.java:340)
	at org.testng.SuiteRunner.run(SuiteRunner.java:289)
	at org.testng.SuiteRunnerWorker.runSuite(SuiteRunnerWorker.java:52)
	at org.testng.SuiteRunnerWorker.run(SuiteRunnerWorker.java:86)
	at org.testng.TestNG.runSuitesSequentially(TestNG.java:1293)
	at org.testng.TestNG.runSuitesLocally(TestNG.java:1218)
	at org.testng.TestNG.runSuites(TestNG.java:1133)
	at org.testng.TestNG.run(TestNG.java:1104)
	at org.testng.remote.AbstractRemoteTestNG.run(AbstractRemoteTestNG.java:114)
	at org.testng.remote.RemoteTestNG.initAndRun(RemoteTestNG.java:251)
	at org.testng.remote.RemoteTestNG.main(RemoteTestNG.java:77)
]]>
            </full-stacktrace>
          </exception> <!-- java.lang.RuntimeException -->
          <reporter-output>
          </reporter-output>
        </test-method> <!-- duplicateLead -->
        <test-method status="PASS" signature="afterMethod()[pri:0, instance:testcases.TC004_DuplicateLead@64bfbc86]" name="afterMethod" is-config="true" duration-ms="715" started-at="2018-04-20T22:56:41Z" finished-at="2018-04-20T22:56:42Z">
          <reporter-output>
          </reporter-output>
        </test-method> <!-- afterMethod -->
        <test-method status="PASS" signature="beforeMethod()[pri:0, instance:testcases.TC004_DuplicateLead@64bfbc86]" name="beforeMethod" is-config="true" duration-ms="5393" started-at="2018-04-20T22:56:42Z" finished-at="2018-04-20T22:56:47Z">
          <reporter-output>
          </reporter-output>
        </test-method> <!-- beforeMethod -->
        <test-method status="PASS" signature="duplicateLead(java.lang.String, java.lang.String, java.lang.String, java.lang.String, java.lang.String)[pri:0, instance:testcases.TC004_DuplicateLead@64bfbc86]" name="duplicateLead" duration-ms="15538" started-at="2018-04-20T22:56:47Z" data-provider="fetchData" finished-at="2018-04-20T22:57:03Z">
          <params>
            <param index="0">
              <value>
                <![CDATA[DemoCSR]]>
              </value>
            </param>
            <param index="1">
              <value>
                <![CDATA[crmsfa]]>
              </value>
            </param>
            <param index="2">
              <value>
                <![CDATA[Demo B2B CSR]]>
              </value>
            </param>
            <param index="3">
              <value>
                <![CDATA[Rajesh]]>
              </value>
            </param>
            <param index="4">
              <value>
                <![CDATA[Rajesh]]>
              </value>
            </param>
          </params>
          <reporter-output>
          </reporter-output>
        </test-method> <!-- duplicateLead -->
        <test-method status="PASS" signature="afterMethod()[pri:0, instance:testcases.TC004_DuplicateLead@64bfbc86]" name="afterMethod" is-config="true" duration-ms="727" started-at="2018-04-20T22:57:03Z" finished-at="2018-04-20T22:57:03Z">
          <reporter-output>
          </reporter-output>
        </test-method> <!-- afterMethod -->
      </class> <!-- testcases.TC004_DuplicateLead -->
      <class name="testcases.TC003_EditLead">
        <test-method status="PASS" signature="beforeClass()[pri:0, instance:testcases.TC003_EditLead@192b07fd]" name="beforeClass" is-config="true" duration-ms="0" started-at="2018-04-20T22:55:36Z" finished-at="2018-04-20T22:55:36Z">
          <reporter-output>
          </reporter-output>
        </test-method> <!-- beforeClass -->
        <test-method status="PASS" signature="beforeMethod()[pri:0, instance:testcases.TC003_EditLead@192b07fd]" name="beforeMethod" is-config="true" duration-ms="5684" started-at="2018-04-20T22:55:36Z" finished-at="2018-04-20T22:55:42Z">
          <reporter-output>
          </reporter-output>
        </test-method> <!-- beforeMethod -->
        <test-method status="PASS" signature="editLeads(java.lang.String, java.lang.String, java.lang.String, java.lang.String, java.lang.String, java.lang.String)[pri:0, instance:testcases.TC003_EditLead@192b07fd]" name="editLeads" duration-ms="19226" started-at="2018-04-20T22:55:42Z" data-provider="fetchData" finished-at="2018-04-20T22:56:01Z">
          <params>
            <param index="0">
              <value>
                <![CDATA[DemoSalesManager]]>
              </value>
            </param>
            <param index="1">
              <value>
                <![CDATA[crmsfa]]>
              </value>
            </param>
            <param index="2">
              <value>
                <![CDATA[Demo Sales Manager]]>
              </value>
            </param>
            <param index="3">
              <value>
                <![CDATA[Sankara karthi]]>
              </value>
            </param>
            <param index="4">
              <value>
                <![CDATA[Zoho]]>
              </value>
            </param>
            <param index="5">
              <value>
                <![CDATA[Zoho]]>
              </value>
            </param>
          </params>
          <reporter-output>
          </reporter-output>
        </test-method> <!-- editLeads -->
        <test-method status="PASS" signature="afterMethod()[pri:0, instance:testcases.TC003_EditLead@192b07fd]" name="afterMethod" is-config="true" duration-ms="733" started-at="2018-04-20T22:56:01Z" finished-at="2018-04-20T22:56:02Z">
          <reporter-output>
          </reporter-output>
        </test-method> <!-- afterMethod -->
        <test-method status="PASS" signature="beforeMethod()[pri:0, instance:testcases.TC003_EditLead@192b07fd]" name="beforeMethod" is-config="true" duration-ms="5716" started-at="2018-04-20T22:56:02Z" finished-at="2018-04-20T22:56:07Z">
          <reporter-output>
          </reporter-output>
        </test-method> <!-- beforeMethod -->
        <test-method status="PASS" signature="editLeads(java.lang.String, java.lang.String, java.lang.String, java.lang.String, java.lang.String, java.lang.String)[pri:0, instance:testcases.TC003_EditLead@192b07fd]" name="editLeads" duration-ms="15817" started-at="2018-04-20T22:56:07Z" data-provider="fetchData" finished-at="2018-04-20T22:56:23Z">
          <params>
            <param index="0">
              <value>
                <![CDATA[DemoCSR]]>
              </value>
            </param>
            <param index="1">
              <value>
                <![CDATA[crmsfa]]>
              </value>
            </param>
            <param index="2">
              <value>
                <![CDATA[Demo B2B CSR]]>
              </value>
            </param>
            <param index="3">
              <value>
                <![CDATA[Rajesh]]>
              </value>
            </param>
            <param index="4">
              <value>
                <![CDATA[Thoughtworks]]>
              </value>
            </param>
            <param index="5">
              <value>
                <![CDATA[Thoughtworks]]>
              </value>
            </param>
          </params>
          <reporter-output>
          </reporter-output>
        </test-method> <!-- editLeads -->
        <test-method status="PASS" signature="afterMethod()[pri:0, instance:testcases.TC003_EditLead@192b07fd]" name="afterMethod" is-config="true" duration-ms="704" started-at="2018-04-20T22:56:23Z" finished-at="2018-04-20T22:56:24Z">
          <reporter-output>
          </reporter-output>
        </test-method> <!-- afterMethod -->
      </class> <!-- testcases.TC003_EditLead -->
      <class name="testcases.TC002_LoginForNegative">
        <test-method status="PASS" signature="beforeClass()[pri:0, instance:testcases.TC002_LoginForNegative@20322d26]" name="beforeClass" is-config="true" duration-ms="0" started-at="2018-04-20T22:55:01Z" finished-at="2018-04-20T22:55:01Z">
          <reporter-output>
          </reporter-output>
        </test-method> <!-- beforeClass -->
        <test-method status="PASS" signature="beforeMethod()[pri:0, instance:testcases.TC002_LoginForNegative@20322d26]" name="beforeMethod" is-config="true" duration-ms="5699" started-at="2018-04-20T22:55:01Z" finished-at="2018-04-20T22:55:07Z">
          <reporter-output>
          </reporter-output>
        </test-method> <!-- beforeMethod -->
        <test-method status="PASS" signature="loginAndLogout(java.lang.String, java.lang.String, java.lang.String)[pri:0, instance:testcases.TC002_LoginForNegative@20322d26]" name="loginAndLogout" duration-ms="2351" started-at="2018-04-20T22:55:07Z" data-provider="fetchData" finished-at="2018-04-20T22:55:09Z">
          <params>
            <param index="0">
              <value>
                <![CDATA[DemoSalesManager]]>
              </value>
            </param>
            <param index="1">
              <value>
                <![CDATA[]]>
              </value>
            </param>
            <param index="2">
              <value>
                <![CDATA[password was empty reenter]]>
              </value>
            </param>
          </params>
          <reporter-output>
          </reporter-output>
        </test-method> <!-- loginAndLogout -->
        <test-method status="PASS" signature="afterMethod()[pri:0, instance:testcases.TC002_LoginForNegative@20322d26]" name="afterMethod" is-config="true" duration-ms="889" started-at="2018-04-20T22:55:09Z" finished-at="2018-04-20T22:55:10Z">
          <reporter-output>
          </reporter-output>
        </test-method> <!-- afterMethod -->
        <test-method status="PASS" signature="beforeMethod()[pri:0, instance:testcases.TC002_LoginForNegative@20322d26]" name="beforeMethod" is-config="true" duration-ms="5356" started-at="2018-04-20T22:55:10Z" finished-at="2018-04-20T22:55:15Z">
          <reporter-output>
          </reporter-output>
        </test-method> <!-- beforeMethod -->
        <test-method status="PASS" signature="loginAndLogout(java.lang.String, java.lang.String, java.lang.String)[pri:0, instance:testcases.TC002_LoginForNegative@20322d26]" name="loginAndLogout" duration-ms="2228" started-at="2018-04-20T22:55:15Z" data-provider="fetchData" finished-at="2018-04-20T22:55:18Z">
          <params>
            <param index="0">
              <value>
                <![CDATA[]]>
              </value>
            </param>
            <param index="1">
              <value>
                <![CDATA[crmsfa]]>
              </value>
            </param>
            <param index="2">
              <value>
                <![CDATA[username was empty reenter]]>
              </value>
            </param>
          </params>
          <reporter-output>
          </reporter-output>
        </test-method> <!-- loginAndLogout -->
        <test-method status="PASS" signature="afterMethod()[pri:0, instance:testcases.TC002_LoginForNegative@20322d26]" name="afterMethod" is-config="true" duration-ms="800" started-at="2018-04-20T22:55:18Z" finished-at="2018-04-20T22:55:18Z">
          <reporter-output>
          </reporter-output>
        </test-method> <!-- afterMethod -->
        <test-method status="PASS" signature="beforeMethod()[pri:0, instance:testcases.TC002_LoginForNegative@20322d26]" name="beforeMethod" is-config="true" duration-ms="5681" started-at="2018-04-20T22:55:18Z" finished-at="2018-04-20T22:55:24Z">
          <reporter-output>
          </reporter-output>
        </test-method> <!-- beforeMethod -->
        <test-method status="PASS" signature="loginAndLogout(java.lang.String, java.lang.String, java.lang.String)[pri:0, instance:testcases.TC002_LoginForNegative@20322d26]" name="loginAndLogout" duration-ms="2496" started-at="2018-04-20T22:55:24Z" data-provider="fetchData" finished-at="2018-04-20T22:55:27Z">
          <params>
            <param index="0">
              <value>
                <![CDATA[DemoSalesManager1]]>
              </value>
            </param>
            <param index="1">
              <value>
                <![CDATA[crmsfa]]>
              </value>
            </param>
            <param index="2">
              <value>
                <![CDATA[User not found.]]>
              </value>
            </param>
          </params>
          <reporter-output>
          </reporter-output>
        </test-method> <!-- loginAndLogout -->
        <test-method status="PASS" signature="afterMethod()[pri:0, instance:testcases.TC002_LoginForNegative@20322d26]" name="afterMethod" is-config="true" duration-ms="746" started-at="2018-04-20T22:55:27Z" finished-at="2018-04-20T22:55:27Z">
          <reporter-output>
          </reporter-output>
        </test-method> <!-- afterMethod -->
        <test-method status="PASS" signature="beforeMethod()[pri:0, instance:testcases.TC002_LoginForNegative@20322d26]" name="beforeMethod" is-config="true" duration-ms="5402" started-at="2018-04-20T22:55:27Z" finished-at="2018-04-20T22:55:33Z">
          <reporter-output>
          </reporter-output>
        </test-method> <!-- beforeMethod -->
        <test-method status="PASS" signature="loginAndLogout(java.lang.String, java.lang.String, java.lang.String)[pri:0, instance:testcases.TC002_LoginForNegative@20322d26]" name="loginAndLogout" duration-ms="2389" started-at="2018-04-20T22:55:33Z" data-provider="fetchData" finished-at="2018-04-20T22:55:35Z">
          <params>
            <param index="0">
              <value>
                <![CDATA[DemoSalesManager]]>
              </value>
            </param>
            <param index="1">
              <value>
                <![CDATA[crmsfa1]]>
              </value>
            </param>
            <param index="2">
              <value>
                <![CDATA[Password incorrect.]]>
              </value>
            </param>
          </params>
          <reporter-output>
          </reporter-output>
        </test-method> <!-- loginAndLogout -->
        <test-method status="PASS" signature="afterMethod()[pri:0, instance:testcases.TC002_LoginForNegative@20322d26]" name="afterMethod" is-config="true" duration-ms="685" started-at="2018-04-20T22:55:35Z" finished-at="2018-04-20T22:55:36Z">
          <reporter-output>
          </reporter-output>
        </test-method> <!-- afterMethod -->
      </class> <!-- testcases.TC002_LoginForNegative -->
      <class name="testcases.TC006_MergeLead">
        <test-method status="PASS" signature="beforeClass()[pri:0, instance:testcases.TC006_MergeLead@55d56113]" name="beforeClass" is-config="true" duration-ms="0" started-at="2018-04-20T22:57:32Z" finished-at="2018-04-20T22:57:32Z">
          <reporter-output>
          </reporter-output>
        </test-method> <!-- beforeClass -->
        <test-method status="PASS" signature="beforeMethod()[pri:0, instance:testcases.TC006_MergeLead@55d56113]" name="beforeMethod" is-config="true" duration-ms="5420" started-at="2018-04-20T22:57:32Z" finished-at="2018-04-20T22:57:37Z">
          <reporter-output>
          </reporter-output>
        </test-method> <!-- beforeMethod -->
        <test-method status="PASS" signature="mergeLead(java.lang.String, java.lang.String, java.lang.String, java.lang.String)[pri:0, instance:testcases.TC006_MergeLead@55d56113]" name="mergeLead" duration-ms="29830" started-at="2018-04-20T22:57:37Z" data-provider="fetchData" finished-at="2018-04-20T22:58:07Z">
          <params>
            <param index="0">
              <value>
                <![CDATA[DemoSalesManager]]>
              </value>
            </param>
            <param index="1">
              <value>
                <![CDATA[crmsfa]]>
              </value>
            </param>
            <param index="2">
              <value>
                <![CDATA[Demo Sales Manager]]>
              </value>
            </param>
            <param index="3">
              <value>
                <![CDATA[No records to display]]>
              </value>
            </param>
          </params>
          <reporter-output>
          </reporter-output>
        </test-method> <!-- mergeLead -->
        <test-method status="PASS" signature="afterMethod()[pri:0, instance:testcases.TC006_MergeLead@55d56113]" name="afterMethod" is-config="true" duration-ms="723" started-at="2018-04-20T22:58:07Z" finished-at="2018-04-20T22:58:08Z">
          <reporter-output>
          </reporter-output>
        </test-method> <!-- afterMethod -->
      </class> <!-- testcases.TC006_MergeLead -->
      <class name="testcases.TC001_CreateLead">
        <test-method status="PASS" signature="beforeSuite()[pri:0, instance:testcases.TC001_CreateLead@49993335]" name="beforeSuite" is-config="true" duration-ms="845" started-at="2018-04-20T22:52:44Z" finished-at="2018-04-20T22:52:45Z">
          <reporter-output>
          </reporter-output>
        </test-method> <!-- beforeSuite -->
        <test-method status="PASS" signature="setData()[pri:0, instance:testcases.TC001_CreateLead@49993335]" name="setData" is-config="true" duration-ms="1" started-at="2018-04-20T22:52:45Z" finished-at="2018-04-20T22:52:45Z">
          <reporter-output>
          </reporter-output>
        </test-method> <!-- setData -->
        <test-method status="PASS" signature="setData()[pri:0, instance:testcases.TC002_LoginForNegative@20322d26]" name="setData" is-config="true" duration-ms="0" started-at="2018-04-20T22:52:45Z" finished-at="2018-04-20T22:52:45Z">
          <reporter-output>
          </reporter-output>
        </test-method> <!-- setData -->
        <test-method status="PASS" signature="setData()[pri:0, instance:testcases.TC004_DuplicateLead@64bfbc86]" name="setData" is-config="true" duration-ms="1" started-at="2018-04-20T22:52:45Z" finished-at="2018-04-20T22:52:45Z">
          <reporter-output>
          </reporter-output>
        </test-method> <!-- setData -->
        <test-method status="PASS" signature="setData()[pri:0, instance:testcases.TC003_EditLead@192b07fd]" name="setData" is-config="true" duration-ms="0" started-at="2018-04-20T22:52:45Z" finished-at="2018-04-20T22:52:45Z">
          <reporter-output>
          </reporter-output>
        </test-method> <!-- setData -->
        <test-method status="PASS" signature="setData()[pri:0, instance:testcases.TC005_DeleteLead@64bf3bbf]" name="setData" is-config="true" duration-ms="0" started-at="2018-04-20T22:52:45Z" finished-at="2018-04-20T22:52:45Z">
          <reporter-output>
          </reporter-output>
        </test-method> <!-- setData -->
        <test-method status="PASS" signature="setData()[pri:0, instance:testcases.TC006_MergeLead@55d56113]" name="setData" is-config="true" duration-ms="0" started-at="2018-04-20T22:52:45Z" finished-at="2018-04-20T22:52:45Z">
          <reporter-output>
          </reporter-output>
        </test-method> <!-- setData -->
        <test-method status="PASS" signature="beforeClass()[pri:0, instance:testcases.TC001_CreateLead@49993335]" name="beforeClass" is-config="true" duration-ms="2" started-at="2018-04-20T22:52:45Z" finished-at="2018-04-20T22:52:45Z">
          <reporter-output>
          </reporter-output>
        </test-method> <!-- beforeClass -->
        <test-method status="PASS" signature="beforeMethod()[pri:0, instance:testcases.TC001_CreateLead@49993335]" name="beforeMethod" is-config="true" duration-ms="7197" started-at="2018-04-20T22:52:46Z" finished-at="2018-04-20T22:52:53Z">
          <reporter-output>
          </reporter-output>
        </test-method> <!-- beforeMethod -->
        <test-method status="PASS" signature="loginAndLogout(java.lang.String, java.lang.String, java.lang.String, java.lang.String, java.lang.String, java.lang.String, java.lang.String, java.lang.String)[pri:0, instance:testcases.TC001_CreateLead@49993335]" name="loginAndLogout" duration-ms="15410" started-at="2018-04-20T22:52:53Z" data-provider="fetchData" finished-at="2018-04-20T22:53:08Z">
          <params>
            <param index="0">
              <value>
                <![CDATA[DemoSalesManager]]>
              </value>
            </param>
            <param index="1">
              <value>
                <![CDATA[crmsfa]]>
              </value>
            </param>
            <param index="2">
              <value>
                <![CDATA[Demo Sales Manager]]>
              </value>
            </param>
            <param index="3">
              <value>
                <![CDATA[Kumaran]]>
              </value>
            </param>
            <param index="4">
              <value>
                <![CDATA[Sankara karthi]]>
              </value>
            </param>
            <param index="5">
              <value>
                <![CDATA[Kadirvelan]]>
              </value>
            </param>
            <param index="6">
              <value>
                <![CDATA[12345678]]>
              </value>
            </param>
            <param index="7">
              <value>
                <![CDATA[Sankara karthi]]>
              </value>
            </param>
          </params>
          <reporter-output>
          </reporter-output>
        </test-method> <!-- loginAndLogout -->
        <test-method status="PASS" signature="afterMethod()[pri:0, instance:testcases.TC001_CreateLead@49993335]" name="afterMethod" is-config="true" duration-ms="713" started-at="2018-04-20T22:53:08Z" finished-at="2018-04-20T22:53:09Z">
          <reporter-output>
          </reporter-output>
        </test-method> <!-- afterMethod -->
        <test-method status="PASS" signature="beforeMethod()[pri:0, instance:testcases.TC001_CreateLead@49993335]" name="beforeMethod" is-config="true" duration-ms="5756" started-at="2018-04-20T22:53:09Z" finished-at="2018-04-20T22:53:15Z">
          <reporter-output>
          </reporter-output>
        </test-method> <!-- beforeMethod -->
        <test-method status="PASS" signature="loginAndLogout(java.lang.String, java.lang.String, java.lang.String, java.lang.String, java.lang.String, java.lang.String, java.lang.String, java.lang.String)[pri:0, instance:testcases.TC001_CreateLead@49993335]" name="loginAndLogout" duration-ms="15389" started-at="2018-04-20T22:53:15Z" data-provider="fetchData" finished-at="2018-04-20T22:53:30Z">
          <params>
            <param index="0">
              <value>
                <![CDATA[DemoCSR]]>
              </value>
            </param>
            <param index="1">
              <value>
                <![CDATA[crmsfa]]>
              </value>
            </param>
            <param index="2">
              <value>
                <![CDATA[Demo B2B CSR]]>
              </value>
            </param>
            <param index="3">
              <value>
                <![CDATA[Thoughtworks]]>
              </value>
            </param>
            <param index="4">
              <value>
                <![CDATA[Rajesh]]>
              </value>
            </param>
            <param index="5">
              <value>
                <![CDATA[Kadirvelan]]>
              </value>
            </param>
            <param index="6">
              <value>
                <![CDATA[87654321]]>
              </value>
            </param>
            <param index="7">
              <value>
                <![CDATA[Rajesh]]>
              </value>
            </param>
          </params>
          <reporter-output>
          </reporter-output>
        </test-method> <!-- loginAndLogout -->
        <test-method status="PASS" signature="afterMethod()[pri:0, instance:testcases.TC001_CreateLead@49993335]" name="afterMethod" is-config="true" duration-ms="703" started-at="2018-04-20T22:53:30Z" finished-at="2018-04-20T22:53:31Z">
          <reporter-output>
          </reporter-output>
        </test-method> <!-- afterMethod -->
        <test-method status="PASS" signature="beforeMethod()[pri:0, instance:testcases.TC001_CreateLead@49993335]" name="beforeMethod" is-config="true" duration-ms="5714" started-at="2018-04-20T22:53:31Z" finished-at="2018-04-20T22:53:37Z">
          <reporter-output>
          </reporter-output>
        </test-method> <!-- beforeMethod -->
        <test-method status="PASS" signature="loginAndLogout(java.lang.String, java.lang.String, java.lang.String, java.lang.String, java.lang.String, java.lang.String, java.lang.String, java.lang.String)[pri:0, instance:testcases.TC001_CreateLead@49993335]" name="loginAndLogout" duration-ms="14811" started-at="2018-04-20T22:53:37Z" data-provider="fetchData" finished-at="2018-04-20T22:53:51Z">
          <params>
            <param index="0">
              <value>
                <![CDATA[DemoSalesManager]]>
              </value>
            </param>
            <param index="1">
              <value>
                <![CDATA[crmsfa]]>
              </value>
            </param>
            <param index="2">
              <value>
                <![CDATA[Demo Sales Manager]]>
              </value>
            </param>
            <param index="3">
              <value>
                <![CDATA[Google]]>
              </value>
            </param>
            <param index="4">
              <value>
                <![CDATA[Sankara karthi]]>
              </value>
            </param>
            <param index="5">
              <value>
                <![CDATA[Kadirvelan]]>
              </value>
            </param>
            <param index="6">
              <value>
                <![CDATA[56568989]]>
              </value>
            </param>
            <param index="7">
              <value>
                <![CDATA[Sankara karthi]]>
              </value>
            </param>
          </params>
          <reporter-output>
          </reporter-output>
        </test-method> <!-- loginAndLogout -->
        <test-method status="PASS" signature="afterMethod()[pri:0, instance:testcases.TC001_CreateLead@49993335]" name="afterMethod" is-config="true" duration-ms="709" started-at="2018-04-20T22:53:51Z" finished-at="2018-04-20T22:53:52Z">
          <reporter-output>
          </reporter-output>
        </test-method> <!-- afterMethod -->
        <test-method status="PASS" signature="beforeMethod()[pri:0, instance:testcases.TC001_CreateLead@49993335]" name="beforeMethod" is-config="true" duration-ms="5709" started-at="2018-04-20T22:53:52Z" finished-at="2018-04-20T22:53:58Z">
          <reporter-output>
          </reporter-output>
        </test-method> <!-- beforeMethod -->
        <test-method status="PASS" signature="loginAndLogout(java.lang.String, java.lang.String, java.lang.String, java.lang.String, java.lang.String, java.lang.String, java.lang.String, java.lang.String)[pri:0, instance:testcases.TC001_CreateLead@49993335]" name="loginAndLogout" duration-ms="19149" started-at="2018-04-20T22:53:58Z" data-provider="fetchData" finished-at="2018-04-20T22:54:17Z">
          <params>
            <param index="0">
              <value>
                <![CDATA[DemoSalesManager]]>
              </value>
            </param>
            <param index="1">
              <value>
                <![CDATA[crmsfa]]>
              </value>
            </param>
            <param index="2">
              <value>
                <![CDATA[Demo Sales Manager]]>
              </value>
            </param>
            <param index="3">
              <value>
                <![CDATA[Microsoft]]>
              </value>
            </param>
            <param index="4">
              <value>
                <![CDATA[Sankara karthi]]>
              </value>
            </param>
            <param index="5">
              <value>
                <![CDATA[Kadirvelan]]>
              </value>
            </param>
            <param index="6">
              <value>
                <![CDATA[54321678]]>
              </value>
            </param>
            <param index="7">
              <value>
                <![CDATA[Sankara karthi]]>
              </value>
            </param>
          </params>
          <reporter-output>
          </reporter-output>
        </test-method> <!-- loginAndLogout -->
        <test-method status="PASS" signature="afterMethod()[pri:0, instance:testcases.TC001_CreateLead@49993335]" name="afterMethod" is-config="true" duration-ms="689" started-at="2018-04-20T22:54:17Z" finished-at="2018-04-20T22:54:18Z">
          <reporter-output>
          </reporter-output>
        </test-method> <!-- afterMethod -->
        <test-method status="PASS" signature="beforeMethod()[pri:0, instance:testcases.TC001_CreateLead@49993335]" name="beforeMethod" is-config="true" duration-ms="5246" started-at="2018-04-20T22:54:18Z" finished-at="2018-04-20T22:54:23Z">
          <reporter-output>
          </reporter-output>
        </test-method> <!-- beforeMethod -->
        <test-method status="PASS" signature="loginAndLogout(java.lang.String, java.lang.String, java.lang.String, java.lang.String, java.lang.String, java.lang.String, java.lang.String, java.lang.String)[pri:0, instance:testcases.TC001_CreateLead@49993335]" name="loginAndLogout" duration-ms="15597" started-at="2018-04-20T22:54:23Z" data-provider="fetchData" finished-at="2018-04-20T22:54:39Z">
          <params>
            <param index="0">
              <value>
                <![CDATA[DemoSalesManager]]>
              </value>
            </param>
            <param index="1">
              <value>
                <![CDATA[crmsfa]]>
              </value>
            </param>
            <param index="2">
              <value>
                <![CDATA[Demo Sales Manager]]>
              </value>
            </param>
            <param index="3">
              <value>
                <![CDATA[PayPal]]>
              </value>
            </param>
            <param index="4">
              <value>
                <![CDATA[Sankara karthi]]>
              </value>
            </param>
            <param index="5">
              <value>
                <![CDATA[Kadirvelan]]>
              </value>
            </param>
            <param index="6">
              <value>
                <![CDATA[43215678]]>
              </value>
            </param>
            <param index="7">
              <value>
                <![CDATA[Sankara karthi]]>
              </value>
            </param>
          </params>
          <reporter-output>
          </reporter-output>
        </test-method> <!-- loginAndLogout -->
        <test-method status="PASS" signature="afterMethod()[pri:0, instance:testcases.TC001_CreateLead@49993335]" name="afterMethod" is-config="true" duration-ms="736" started-at="2018-04-20T22:54:39Z" finished-at="2018-04-20T22:54:39Z">
          <reporter-output>
          </reporter-output>
        </test-method> <!-- afterMethod -->
        <test-method status="PASS" signature="beforeMethod()[pri:0, instance:testcases.TC001_CreateLead@49993335]" name="beforeMethod" is-config="true" duration-ms="5533" started-at="2018-04-20T22:54:39Z" finished-at="2018-04-20T22:54:45Z">
          <reporter-output>
          </reporter-output>
        </test-method> <!-- beforeMethod -->
        <test-method status="PASS" signature="loginAndLogout(java.lang.String, java.lang.String, java.lang.String, java.lang.String, java.lang.String, java.lang.String, java.lang.String, java.lang.String)[pri:0, instance:testcases.TC001_CreateLead@49993335]" name="loginAndLogout" duration-ms="15495" started-at="2018-04-20T22:54:45Z" data-provider="fetchData" finished-at="2018-04-20T22:55:00Z">
          <params>
            <param index="0">
              <value>
                <![CDATA[DemoSalesManager]]>
              </value>
            </param>
            <param index="1">
              <value>
                <![CDATA[crmsfa]]>
              </value>
            </param>
            <param index="2">
              <value>
                <![CDATA[Demo Sales Manager]]>
              </value>
            </param>
            <param index="3">
              <value>
                <![CDATA[Amazon]]>
              </value>
            </param>
            <param index="4">
              <value>
                <![CDATA[Sankara karthi]]>
              </value>
            </param>
            <param index="5">
              <value>
                <![CDATA[Kadirvelan]]>
              </value>
            </param>
            <param index="6">
              <value>
                <![CDATA[32145678]]>
              </value>
            </param>
            <param index="7">
              <value>
                <![CDATA[Sankara karthi]]>
              </value>
            </param>
          </params>
          <reporter-output>
          </reporter-output>
        </test-method> <!-- loginAndLogout -->
        <test-method status="PASS" signature="afterMethod()[pri:0, instance:testcases.TC001_CreateLead@49993335]" name="afterMethod" is-config="true" duration-ms="722" started-at="2018-04-20T22:55:00Z" finished-at="2018-04-20T22:55:01Z">
          <reporter-output>
          </reporter-output>
        </test-method> <!-- afterMethod -->
        <test-method status="PASS" signature="afterTest()[pri:0, instance:testcases.TC001_CreateLead@49993335]" name="afterTest" is-config="true" duration-ms="0" started-at="2018-04-20T22:58:08Z" finished-at="2018-04-20T22:58:08Z">
          <reporter-output>
          </reporter-output>
        </test-method> <!-- afterTest -->
        <test-method status="PASS" signature="afterSuite()[pri:0, instance:testcases.TC001_CreateLead@49993335]" name="afterSuite" is-config="true" duration-ms="487" started-at="2018-04-20T22:58:08Z" finished-at="2018-04-20T22:58:08Z">
          <reporter-output>
          </reporter-output>
        </test-method> <!-- afterSuite -->
      </class> <!-- testcases.TC001_CreateLead -->
    </test> <!-- Test -->
  </suite> <!-- Suite -->
</testng-results>
